<?xml version="1.0" encoding="UTF-8"?>
<!-- Generated by org.testng.reporters.JUnitXMLReporter -->
<testsuite ignored="0" hostname="IN-PG0351TV" failures="0" tests="20" name="Flipkart Test in Chrome" time="85.649" errors="0" timestamp="2024-05-19T11:38:25 IST">
  <testcase classname="tests.FlipkartTestCase" name="signupWithMobileNumber" time="5.697"/>
  <testcase classname="tests.FlipkartTestCase" name="signupWithMobileNumber" time="3.664"/>
  <testcase classname="tests.FlipkartTestCase" name="signupWithMobileNumber" time="3.597"/>
  <testcase classname="tests.FlipkartTestCase" name="signupWithMobileNumber" time="3.591"/>
  <testcase classname="tests.FlipkartTestCase" name="signupWithMobileNumber" time="3.574"/>
  <testcase classname="tests.FlipkartTestCase" name="loginToFlipkart" time="5.616"/>
  <testcase classname="tests.FlipkartTestCase" name="searchProduct" time="0.273"/>
  <testcase classname="tests.FlipkartTestCase" name="addToCart" time="4.462"/>
  <testcase classname="tests.FlipkartTestCase" name="getProductHighlights" time="11.379"/>
  <testcase classname="tests.FlipkartTestCase" name="goToGroceryPage" time="3.373"/>
  <testcase classname="tests.FlipkartTestCase" name="enterPinCodeTest" time="4.615"/>
  <testcase classname="tests.FlipkartTestCase" name="goToGrocerySnacksBeveragesBiscuitsPage" time="3.561"/>
  <testcase classname="tests.FlipkartTestCase" name="testCommunicationPreferencesPage" time="0.539"/>
  <testcase classname="tests.FlipkartTestCase" name="goToCorporateHomeAndSelectSustainability" time="3.92"/>
  <testcase classname="tests.FlipkartTestCase" name="scrollPageToBottom" time="2.308"/>
  <testcase classname="tests.FlipkartTestCase" name="gotoGroupCompanies" time="4.236"/>
  <testcase classname="tests.FlipkartTestCase" name="verifyGiftCardRedemption" time="2.573"/>
  <testcase classname="tests.FlipkartTestCase" name="verifyHighToLow" time="2.658"/>
  <testcase classname="tests.FlipkartTestCase" name="clickOnShareButton" time="2.715"/>
  <testcase classname="tests.FlipkartTestCase" name="clickOnNotificationPreferences" time="0.944"/>
</testsuite> <!-- Flipkart Test in Chrome -->
